<?xml version="1.0" encoding="UTF-8"?>
<!-- Generated by org.testng.reporters.JUnitReportReporter -->
<testsuite hostname="LX-BLR-LT-002" failures="0" tests="8" name="ExoTalentWeb.TestCase.WebTestCases" time="6.790" errors="0" timestamp="2024-11-05T15:34:48 IST" skipped="7">
  <testcase classname="ExoTalentWeb.TestCase.WebTestCases" name="RecruiterLogin" time="6.790"/>
  <system-out/>
  <testcase classname="ExoTalentWeb.TestCase.WebTestCases" name="CandidateSignup">
    <skipped/>
  </testcase> <!-- CandidateSignup -->
  <system-out/>
  <testcase classname="ExoTalentWeb.TestCase.WebTestCases" name="CandidateApplyJob">
    <skipped/>
  </testcase> <!-- CandidateApplyJob -->
  <system-out/>
  <testcase classname="ExoTalentWeb.TestCase.WebTestCases" name="loginviaMobileNumber">
    <skipped/>
  </testcase> <!-- loginviaMobileNumber -->
  <system-out/>
  <testcase classname="ExoTalentWeb.TestCase.WebTestCases" name="RecruiterSignup">
    <skipped/>
  </testcase> <!-- RecruiterSignup -->
  <system-out/>
  <testcase classname="ExoTalentWeb.TestCase.WebTestCases" name="CandidateJobSaveandUnsave">
    <skipped/>
  </testcase> <!-- CandidateJobSaveandUnsave -->
  <system-out/>
  <testcase classname="ExoTalentWeb.TestCase.WebTestCases" name="JobApplyFromInvitation">
    <skipped/>
  </testcase> <!-- JobApplyFromInvitation -->
  <system-out/>
  <testcase classname="ExoTalentWeb.TestCase.WebTestCases" name="RecruiterCandidateRefer">
    <skipped/>
  </testcase> <!-- RecruiterCandidateRefer -->
  <system-out/>
</testsuite> <!-- ExoTalentWeb.TestCase.WebTestCases -->
