<?xml version="1.0" encoding="UTF-8"?>
<!-- Generated by org.testng.reporters.JUnitReportReporter -->
<testsuite hostname="LX-BLR-LT-002" failures="0" tests="13" name="ExoTalentWeb.TestCase.WebTestCases" time="51.309" errors="0" timestamp="2025-07-22T19:09:42 IST" skipped="8">
  <testcase classname="ExoTalentWeb.TestCase.WebTestCases" name="CompanyLoginProduction" time="21.962"/>
  <system-out/>
  <testcase classname="ExoTalentWeb.TestCase.WebTestCases" name="CompanyJobCreate" time="23.753"/>
  <system-out/>
  <testcase classname="ExoTalentWeb.TestCase.WebTestCases" name="CompanyAssignJob" time="3.038"/>
  <system-out/>
  <testcase classname="ExoTalentWeb.TestCase.WebTestCases" name="EditJob" time="1.276"/>
  <system-out/>
  <testcase classname="ExoTalentWeb.TestCase.WebTestCases" name="CandidateReferbyManua" time="1.280"/>
  <system-out/>
  <testcase classname="ExoTalentWeb.TestCase.WebTestCases" name="PersonalInformation">
    <skipped/>
  </testcase> <!-- PersonalInformation -->
  <system-out/>
  <testcase classname="ExoTalentWeb.TestCase.WebTestCases" name="ProfessionalDetails">
    <skipped/>
  </testcase> <!-- ProfessionalDetails -->
  <system-out/>
  <testcase classname="ExoTalentWeb.TestCase.WebTestCases" name="AssignCandidatetoAdviser">
    <skipped/>
  </testcase> <!-- AssignCandidatetoAdviser -->
  <system-out/>
  <testcase classname="ExoTalentWeb.TestCase.WebTestCases" name="AssignCandidatetoAdviserReject">
    <skipped/>
  </testcase> <!-- AssignCandidatetoAdviserReject -->
  <system-out/>
  <testcase classname="ExoTalentWeb.TestCase.WebTestCases" name="AdditionalDetails">
    <skipped/>
  </testcase> <!-- AdditionalDetails -->
  <system-out/>
  <testcase classname="ExoTalentWeb.TestCase.WebTestCases" name="CompanyLogin">
    <skipped/>
  </testcase> <!-- CompanyLogin -->
  <system-out/>
  <testcase classname="ExoTalentWeb.TestCase.WebTestCases" name="CandidateMoveStatus">
    <skipped/>
  </testcase> <!-- CandidateMoveStatus -->
  <system-out/>
  <testcase classname="ExoTalentWeb.TestCase.WebTestCases" name="CreateEmployee">
    <skipped/>
  </testcase> <!-- CreateEmployee -->
  <system-out/>
</testsuite> <!-- ExoTalentWeb.TestCase.WebTestCases -->
