<?xml version="1.0" encoding="UTF-8"?>
<!-- Generated by org.testng.reporters.JUnitReportReporter -->
<testsuite hostname="LX-BLR-LT-002" failures="0" tests="8" name="ExoTalentWeb.TestCase.WebTestCases" time="103.076" errors="0" timestamp="2025-03-18T17:23:34 IST" skipped="1">
  <testcase classname="ExoTalentWeb.TestCase.WebTestCases" name="CompanyLogin" time="7.387"/>
  <system-out/>
  <testcase classname="ExoTalentWeb.TestCase.WebTestCases" name="CompanyJobCreate" time="21.585"/>
  <system-out/>
  <testcase classname="ExoTalentWeb.TestCase.WebTestCases" name="CompanyAssignJob" time="2.473"/>
  <system-out/>
  <testcase classname="ExoTalentWeb.TestCase.WebTestCases" name="EditJob" time="16.739"/>
  <system-out/>
  <testcase classname="ExoTalentWeb.TestCase.WebTestCases" name="CandidateReferbyManua" time="3.084"/>
  <system-out/>
  <testcase classname="ExoTalentWeb.TestCase.WebTestCases" name="AssignCandidatetoAdviser" time="29.920"/>
  <system-out/>
  <testcase classname="ExoTalentWeb.TestCase.WebTestCases" name="CandidateMoveStatus" time="21.888"/>
  <system-out/>
  <testcase classname="ExoTalentWeb.TestCase.WebTestCases" name="AssignCandidatetoAdviserReject">
    <skipped/>
  </testcase> <!-- AssignCandidatetoAdviserReject -->
  <system-out/>
</testsuite> <!-- ExoTalentWeb.TestCase.WebTestCases -->
