<?xml version="1.0" encoding="UTF-8"?>
<!-- Generated by org.testng.reporters.JUnitReportReporter -->
<testsuite hostname="LX-BLR-LT-002" failures="0" tests="1" name="ContinentalFsCloudWeb.TestCase.WebTestCases" time="11.561" errors="0" timestamp="2024-06-14T15:53:33 IST" skipped="0">
  <testcase classname="ContinentalFsCloudWeb.TestCase.WebTestCases" name="loginviaMobileNumber" time="11.561"/>
  <system-out/>
</testsuite> <!-- ContinentalFsCloudWeb.TestCase.WebTestCases -->
