<?xml version="1.0" encoding="UTF-8"?>
<!-- Generated by org.testng.reporters.JUnitReportReporter -->
<testsuite hostname="LX-BLR-LT-002" failures="0" tests="6" name="ExoTalentWeb.TestCase.WebTestCases" time="84.469" errors="0" timestamp="2025-03-18T15:48:22 IST" skipped="0">
  <testcase classname="ExoTalentWeb.TestCase.WebTestCases" name="CompanyLogin" time="7.314"/>
  <system-out/>
  <testcase classname="ExoTalentWeb.TestCase.WebTestCases" name="CompanyJobCreate" time="21.621"/>
  <system-out/>
  <testcase classname="ExoTalentWeb.TestCase.WebTestCases" name="CompanyAssignJob" time="2.454"/>
  <system-out/>
  <testcase classname="ExoTalentWeb.TestCase.WebTestCases" name="EditJob" time="17.037"/>
  <system-out/>
  <testcase classname="ExoTalentWeb.TestCase.WebTestCases" name="CandidateReferbyManua" time="3.143"/>
  <system-out/>
  <testcase classname="ExoTalentWeb.TestCase.WebTestCases" name="AssignCandidatetoAdviser" time="32.900"/>
  <system-out/>
</testsuite> <!-- ExoTalentWeb.TestCase.WebTestCases -->
