<?xml version="1.0" encoding="UTF-8"?>
<!-- Generated by org.testng.reporters.JUnitReportReporter -->
<testsuite hostname="LX-BLR-LT-002" failures="0" tests="4" name="ExoTalentWeb.TestCase.WebTestCases" time="49.711" errors="0" timestamp="2025-03-11T13:00:47 IST" skipped="0">
  <testcase classname="ExoTalentWeb.TestCase.WebTestCases" name="CompanyLogin" time="7.343"/>
  <system-out/>
  <testcase classname="ExoTalentWeb.TestCase.WebTestCases" name="CompanyJobCreate" time="21.446"/>
  <system-out/>
  <testcase classname="ExoTalentWeb.TestCase.WebTestCases" name="CompanyAssignJob" time="2.115"/>
  <system-out/>
  <testcase classname="ExoTalentWeb.TestCase.WebTestCases" name="EditJob" time="18.807"/>
  <system-out/>
</testsuite> <!-- ExoTalentWeb.TestCase.WebTestCases -->
