<?xml version="1.0" encoding="UTF-8"?>
<!-- Generated by org.testng.reporters.JUnitReportReporter -->
<testsuite hostname="LX-BLR-LT-002" failures="0" tests="10" name="ExoTalentWeb.TestCase.WebTestCases" time="7.613" errors="0" timestamp="2024-11-07T15:07:40 IST" skipped="9">
  <testcase classname="ExoTalentWeb.TestCase.WebTestCases" name="CompanyLogin" time="7.613"/>
  <system-out/>
  <testcase classname="ExoTalentWeb.TestCase.WebTestCases" name="CompanyPageSignup">
    <skipped/>
  </testcase> <!-- CompanyPageSignup -->
  <system-out/>
  <testcase classname="ExoTalentWeb.TestCase.WebTestCases" name="CandidateSignup">
    <skipped/>
  </testcase> <!-- CandidateSignup -->
  <system-out/>
  <testcase classname="ExoTalentWeb.TestCase.WebTestCases" name="CandidateApplyJob">
    <skipped/>
  </testcase> <!-- CandidateApplyJob -->
  <system-out/>
  <testcase classname="ExoTalentWeb.TestCase.WebTestCases" name="loginviaMobileNumber">
    <skipped/>
  </testcase> <!-- loginviaMobileNumber -->
  <system-out/>
  <testcase classname="ExoTalentWeb.TestCase.WebTestCases" name="RecruiterSignup">
    <skipped/>
  </testcase> <!-- RecruiterSignup -->
  <system-out/>
  <testcase classname="ExoTalentWeb.TestCase.WebTestCases" name="CandidateJobSaveandUnsave">
    <skipped/>
  </testcase> <!-- CandidateJobSaveandUnsave -->
  <system-out/>
  <testcase classname="ExoTalentWeb.TestCase.WebTestCases" name="JobApplyFromInvitation">
    <skipped/>
  </testcase> <!-- JobApplyFromInvitation -->
  <system-out/>
  <testcase classname="ExoTalentWeb.TestCase.WebTestCases" name="RecruiterCandidateRefer">
    <skipped/>
  </testcase> <!-- RecruiterCandidateRefer -->
  <system-out/>
  <testcase classname="ExoTalentWeb.TestCase.WebTestCases" name="RecruiterLogin">
    <skipped/>
  </testcase> <!-- RecruiterLogin -->
  <system-out/>
</testsuite> <!-- ExoTalentWeb.TestCase.WebTestCases -->
