<?xml version="1.0" encoding="UTF-8"?>
<!-- Generated by org.testng.reporters.JUnitReportReporter -->
<testsuite hostname="LX-BLR-LT-002" failures="0" tests="3" name="ExoTalentWeb.TestCase.WebTestCases" time="30.871" errors="0" timestamp="2025-03-11T11:15:25 IST" skipped="0">
  <testcase classname="ExoTalentWeb.TestCase.WebTestCases" name="CompanyLogin" time="7.245"/>
  <system-out/>
  <testcase classname="ExoTalentWeb.TestCase.WebTestCases" name="CompanyJobCreate" time="21.492"/>
  <system-out/>
  <testcase classname="ExoTalentWeb.TestCase.WebTestCases" name="CompanyAssignJob" time="2.134"/>
  <system-out/>
</testsuite> <!-- ExoTalentWeb.TestCase.WebTestCases -->
