<?xml version="1.0" encoding="UTF-8"?>
<!-- Generated by org.testng.reporters.JUnitReportReporter -->
<testsuite hostname="LX-BLR-LT-002" failures="0" tests="11" name="ExoTalentWeb.TestCase.WebTestCases" time="38.767" errors="0" timestamp="2025-05-14T18:02:03 IST" skipped="8">
  <testcase classname="ExoTalentWeb.TestCase.WebTestCases" name="CompanyLoginProduction" time="22.034"/>
  <system-out/>
  <testcase classname="ExoTalentWeb.TestCase.WebTestCases" name="CreateEmployee" time="6.961"/>
  <system-out/>
  <testcase classname="ExoTalentWeb.TestCase.WebTestCases" name="PersonalInformation" time="9.772"/>
  <system-out/>
  <testcase classname="ExoTalentWeb.TestCase.WebTestCases" name="AssignCandidatetoAdviserReject">
    <skipped/>
  </testcase> <!-- AssignCandidatetoAdviserReject -->
  <system-out/>
  <testcase classname="ExoTalentWeb.TestCase.WebTestCases" name="AssignCandidatetoAdviser">
    <skipped/>
  </testcase> <!-- AssignCandidatetoAdviser -->
  <system-out/>
  <testcase classname="ExoTalentWeb.TestCase.WebTestCases" name="CompanyLogin">
    <skipped/>
  </testcase> <!-- CompanyLogin -->
  <system-out/>
  <testcase classname="ExoTalentWeb.TestCase.WebTestCases" name="EditJob">
    <skipped/>
  </testcase> <!-- EditJob -->
  <system-out/>
  <testcase classname="ExoTalentWeb.TestCase.WebTestCases" name="CandidateReferbyManua">
    <skipped/>
  </testcase> <!-- CandidateReferbyManua -->
  <system-out/>
  <testcase classname="ExoTalentWeb.TestCase.WebTestCases" name="CandidateMoveStatus">
    <skipped/>
  </testcase> <!-- CandidateMoveStatus -->
  <system-out/>
  <testcase classname="ExoTalentWeb.TestCase.WebTestCases" name="CompanyJobCreate">
    <skipped/>
  </testcase> <!-- CompanyJobCreate -->
  <system-out/>
  <testcase classname="ExoTalentWeb.TestCase.WebTestCases" name="CompanyAssignJob">
    <skipped/>
  </testcase> <!-- CompanyAssignJob -->
  <system-out/>
</testsuite> <!-- ExoTalentWeb.TestCase.WebTestCases -->
