<?xml version="1.0" encoding="UTF-8"?>
<!-- Generated by org.testng.reporters.JUnitReportReporter -->
<testsuite hostname="LX-BLR-LT-002" failures="0" tests="3" name="ExoTalentWeb.TestCase.WebTestCases" time="28.029" errors="0" timestamp="2025-03-10T15:48:32 IST" skipped="0">
  <testcase classname="ExoTalentWeb.TestCase.WebTestCases" name="CompanyLogin" time="7.341"/>
  <system-out/>
  <testcase classname="ExoTalentWeb.TestCase.WebTestCases" name="CompanyJobCreate" time="0.464"/>
  <system-out/>
  <testcase classname="ExoTalentWeb.TestCase.WebTestCases" name="CompanyAssignJob" time="20.224"/>
  <system-out/>
</testsuite> <!-- ExoTalentWeb.TestCase.WebTestCases -->
