<?xml version="1.0" encoding="UTF-8"?>
<!-- Generated by org.testng.reporters.JUnitReportReporter -->
<testsuite hostname="LX-BLR-LT-002" failures="0" tests="8" name="ExoTalentWeb.TestCase.WebTestCases" time="42.967" errors="0" timestamp="2025-03-24T12:07:26 IST" skipped="6">
  <testcase classname="ExoTalentWeb.TestCase.WebTestCases" name="CompanyLogin" time="7.612"/>
  <system-out/>
  <testcase classname="ExoTalentWeb.TestCase.WebTestCases" name="CandidateMoveStatus" time="35.355"/>
  <system-out/>
  <testcase classname="ExoTalentWeb.TestCase.WebTestCases" name="AssignCandidatetoAdviserReject">
    <skipped/>
  </testcase> <!-- AssignCandidatetoAdviserReject -->
  <system-out/>
  <testcase classname="ExoTalentWeb.TestCase.WebTestCases" name="AssignCandidatetoAdviser">
    <skipped/>
  </testcase> <!-- AssignCandidatetoAdviser -->
  <system-out/>
  <testcase classname="ExoTalentWeb.TestCase.WebTestCases" name="EditJob">
    <skipped/>
  </testcase> <!-- EditJob -->
  <system-out/>
  <testcase classname="ExoTalentWeb.TestCase.WebTestCases" name="CandidateReferbyManua">
    <skipped/>
  </testcase> <!-- CandidateReferbyManua -->
  <system-out/>
  <testcase classname="ExoTalentWeb.TestCase.WebTestCases" name="CompanyJobCreate">
    <skipped/>
  </testcase> <!-- CompanyJobCreate -->
  <system-out/>
  <testcase classname="ExoTalentWeb.TestCase.WebTestCases" name="CompanyAssignJob">
    <skipped/>
  </testcase> <!-- CompanyAssignJob -->
  <system-out/>
</testsuite> <!-- ExoTalentWeb.TestCase.WebTestCases -->
