<?xml version="1.0" encoding="UTF-8"?>
<!-- Generated by org.testng.reporters.JUnitReportReporter -->
<testsuite hostname="LX-BLR-LT-002" failures="0" tests="8" name="ExoTalentWeb.TestCase.WebTestCases" time="77.863" errors="0" timestamp="2025-03-20T17:37:43 IST" skipped="2">
  <testcase classname="ExoTalentWeb.TestCase.WebTestCases" name="CompanyLogin" time="8.233"/>
  <system-out/>
  <testcase classname="ExoTalentWeb.TestCase.WebTestCases" name="CompanyJobCreate" time="17.221"/>
  <system-out/>
  <testcase classname="ExoTalentWeb.TestCase.WebTestCases" name="CompanyAssignJob" time="2.363"/>
  <system-out/>
  <testcase classname="ExoTalentWeb.TestCase.WebTestCases" name="EditJob" time="17.109"/>
  <system-out/>
  <testcase classname="ExoTalentWeb.TestCase.WebTestCases" name="CandidateReferbyManua" time="3.135"/>
  <system-out/>
  <testcase classname="ExoTalentWeb.TestCase.WebTestCases" name="AssignCandidatetoAdviser" time="29.802"/>
  <system-out/>
  <testcase classname="ExoTalentWeb.TestCase.WebTestCases" name="AssignCandidatetoAdviserReject">
    <skipped/>
  </testcase> <!-- AssignCandidatetoAdviserReject -->
  <system-out/>
  <testcase classname="ExoTalentWeb.TestCase.WebTestCases" name="CandidateMoveStatus">
    <skipped/>
  </testcase> <!-- CandidateMoveStatus -->
  <system-out/>
</testsuite> <!-- ExoTalentWeb.TestCase.WebTestCases -->
